{
  "RSpec": {
    "coverage": {
      "/Users/devlin/8thlight/battleships/spec/boat_list_spec.rb": [
        1,
        1,
        null,
        1,
        1,
        1,
        1,
        1,
        1,
        null,
        1,
        null,
        null,
        null,
        1,
        1,
        1,
        1,
        null,
        1,
        null,
        null,
        null,
        null,
        1,
        1,
        1,
        1,
        1,
        1,
        null,
        1,
        null,
        null,
        null,
        null,
        1,
        1,
        1,
        1,
        1,
        null,
        1,
        null,
        null,
        null,
        1,
        1,
        1,
        1,
        1,
        null,
        1,
        null,
        null,
        null,
        null,
        1,
        1,
        1,
        1,
        1,
        null,
        1,
        null,
        1,
        null,
        null,
        null,
        1,
        1,
        1,
        1,
        null,
        1,
        null,
        null,
        null,
        null,
        null
      ],
      "/Users/devlin/8thlight/battleships/lib/boat_list.rb": [
        1,
        null,
        1,
        21,
        null,
        null,
        1,
        2,
        2,
        null,
        1,
        null,
        null,
        1,
        1,
        1,
        null,
        null,
        null,
        1,
        45,
        null,
        null,
        1,
        4,
        null,
        null
      ],
      "/Users/devlin/8thlight/battleships/lib/boat.rb": [
        1,
        null,
        1,
        140,
        140,
        268,
        null,
        null,
        null,
        1,
        5,
        5,
        null,
        2,
        null,
        null,
        1,
        5,
        null,
        null,
        1,
        43,
        null,
        null
      ],
      "/Users/devlin/8thlight/battleships/spec/boat_spec.rb": [
        1,
        null,
        1,
        1,
        1,
        1,
        1,
        null,
        1,
        null,
        null,
        null,
        1,
        1,
        1,
        null,
        1,
        null,
        null,
        null,
        null,
        1,
        1,
        1,
        null,
        1,
        null,
        null,
        null,
        1,
        1,
        1,
        1,
        null,
        1,
        1,
        null,
        1,
        null,
        null,
        null,
        1,
        1,
        1,
        null,
        1,
        null,
        1,
        null,
        null,
        null,
        null,
        null,
        null
      ],
      "/Users/devlin/8thlight/battleships/spec/game_spec.rb": [
        1,
        null,
        1,
        1,
        1,
        1,
        1,
        1,
        1,
        null,
        1,
        null,
        1,
        null,
        null,
        1,
        1,
        1,
        1,
        null,
        1,
        null,
        1,
        null,
        null,
        null,
        1,
        1,
        1,
        1,
        null,
        1,
        null,
        null,
        null,
        1,
        1,
        1,
        null,
        1,
        1,
        null,
        null,
        null,
        1,
        1,
        1,
        null,
        1,
        null,
        null,
        null,
        1,
        1,
        1,
        null,
        1,
        null,
        null,
        null,
        1,
        1,
        1,
        null,
        1,
        null,
        null,
        null,
        1,
        1,
        1,
        null,
        1,
        null,
        null,
        null,
        1,
        1,
        1,
        null,
        1,
        null,
        null,
        null,
        null,
        1,
        1,
        1,
        1,
        null,
        1,
        null,
        null,
        null,
        1,
        1,
        1,
        null,
        1,
        null,
        1,
        null,
        null,
        null,
        null,
        1,
        1,
        1,
        null,
        1,
        null,
        null,
        1,
        1,
        null,
        1,
        null,
        null,
        null
      ],
      "/Users/devlin/8thlight/battleships/lib/game.rb": [
        null,
        null,
        1,
        1,
        1,
        null,
        1,
        null,
        1,
        1,
        null,
        1,
        null,
        1,
        14,
        14,
        14,
        14,
        14,
        null,
        null,
        1,
        14,
        null,
        null,
        null,
        null,
        null,
        null,
        null,
        null,
        null,
        null,
        1,
        0,
        0,
        0,
        0,
        null,
        0,
        null,
        null,
        null,
        1,
        0,
        0,
        0,
        0,
        null,
        null,
        1,
        0,
        0,
        0,
        0,
        0,
        0,
        0,
        null,
        0,
        null,
        null,
        null,
        null,
        1,
        0,
        null,
        null,
        1,
        2,
        2,
        1,
        null,
        1,
        1,
        null,
        2,
        0,
        null,
        2,
        null,
        2,
        null,
        null,
        1,
        0,
        0,
        0,
        null,
        null,
        1,
        0,
        0,
        null,
        null,
        1,
        0,
        0,
        0,
        0,
        0,
        0,
        0,
        null,
        0,
        null,
        null,
        1,
        8,
        8,
        5,
        4,
        3,
        2,
        null,
        2,
        1,
        null,
        null,
        1,
        2,
        2,
        null,
        null,
        1,
        4,
        4,
        1,
        1,
        null,
        4,
        4,
        4,
        null,
        null,
        1,
        0,
        0,
        0,
        0,
        0,
        0,
        null,
        null,
        null,
        1,
        0,
        null,
        null,
        1,
        0,
        null,
        null,
        1,
        0,
        0,
        0,
        null,
        null,
        1,
        0,
        null,
        null,
        1,
        0,
        null,
        null,
        1,
        0,
        null,
        null,
        null,
        1
      ],
      "/Users/devlin/8thlight/battleships/lib/grid.rb": [
        1,
        null,
        1,
        null,
        1,
        21,
        21,
        21,
        21,
        21,
        null,
        null,
        1,
        21,
        21,
        21,
        null,
        null,
        1,
        21,
        21,
        210,
        null,
        null,
        null,
        null,
        1,
        210,
        210,
        2310,
        210,
        210,
        210,
        null,
        null,
        1,
        21,
        210,
        189,
        null,
        21,
        null,
        null,
        null,
        21,
        21,
        21,
        21,
        210,
        210,
        null,
        21,
        21,
        null,
        null,
        21,
        1,
        null,
        null,
        21,
        2,
        null,
        null,
        21,
        1,
        null,
        null
      ],
      "/Users/devlin/8thlight/battleships/spec/grid_spec.rb": [
        1,
        null,
        1,
        1,
        1,
        1,
        1,
        null,
        1,
        null,
        null,
        1,
        1,
        null,
        1,
        null,
        null,
        1,
        1,
        null,
        1,
        null,
        null,
        1,
        1,
        null,
        1,
        null,
        null,
        null,
        null,
        1,
        1,
        1,
        1,
        1,
        null,
        1,
        null,
        1,
        null,
        null,
        null,
        1,
        1,
        1,
        null,
        1,
        null,
        1,
        null,
        null,
        null,
        1,
        1,
        1,
        null,
        1,
        null,
        1,
        null,
        null,
        null
      ]
    },
    "timestamp": 1521816477
  }
}
